<?xml version="1.0" encoding="UTF-8"?>
<!-- Generated by org.testng.reporters.JUnitReportReporter -->
<testsuite skipped="0" hostname="JANYPC" name="com.demo.qa.testCases.LogInPageTest" tests="3" failures="0" timestamp="2019-12-05T18:11:15 BDT" time="43.495" errors="0">
  <testcase name="landingPageTitleTest" time="9.635" classname="com.demo.qa.testCases.LogInPageTest"/>
  <testcase name="logoImageTest" time="16.767" classname="com.demo.qa.testCases.LogInPageTest"/>
  <testcase name="logInTest" time="17.093" classname="com.demo.qa.testCases.LogInPageTest"/>
</testsuite> <!-- com.demo.qa.testCases.LogInPageTest -->
