<?xml version="1.0" encoding="UTF-8"?>
<!-- Generated by org.testng.reporters.JUnitReportReporter -->
<testsuite skipped="0" hostname="JANYPC" name="com.demo.qa.testCases.LogInPageTest" tests="3" failures="0" timestamp="2019-11-25T15:05:07 BDT" time="54.100" errors="0">
  <testcase name="landingPageTitleTest" time="12.525" classname="com.demo.qa.testCases.LogInPageTest"/>
  <testcase name="logoImageTest" time="14.065" classname="com.demo.qa.testCases.LogInPageTest"/>
  <testcase name="logInTest" time="27.510" classname="com.demo.qa.testCases.LogInPageTest"/>
</testsuite> <!-- com.demo.qa.testCases.LogInPageTest -->
