<?xml version="1.0" encoding="UTF-8"?>
<!-- Generated by org.testng.reporters.JUnitReportReporter -->
<testsuite skipped="0" hostname="JANYPC" name="com.demo.qa.testCases.HomePageTest" tests="3" failures="0" timestamp="2019-12-05T18:11:15 BDT" time="51.405" errors="0">
  <testcase name="verifyHomePageTitleTest" time="15.262" classname="com.demo.qa.testCases.HomePageTest"/>
  <testcase name="verifyUserNameTest" time="18.217" classname="com.demo.qa.testCases.HomePageTest"/>
  <testcase name="verifyContactsLinkTest" time="17.926" classname="com.demo.qa.testCases.HomePageTest"/>
</testsuite> <!-- com.demo.qa.testCases.HomePageTest -->
