<?xml version="1.0" encoding="UTF-8"?>
<!-- Generated by org.testng.reporters.JUnitReportReporter -->
<testsuite skipped="1" hostname="JANYPC" name="com.demo.qa.testCases.ContactPageTest" tests="6" failures="0" timestamp="2019-12-05T18:11:15 BDT" time="221.836" errors="0">
  <testcase name="verifyContactsPageLabel" time="31.382" classname="com.demo.qa.testCases.ContactPageTest"/>
  <testcase name="selectSingleContactsTest" time="28.988" classname="com.demo.qa.testCases.ContactPageTest"/>
  <testcase name="verifyNewContactPageLabelTest" time="17.425" classname="com.demo.qa.testCases.ContactPageTest"/>
  <testcase name="createNewContactTest" time="73.913" classname="com.demo.qa.testCases.ContactPageTest">
    <skipped/>
  </testcase> <!-- createNewContactTest -->
  <testcase name="createNewContactTest" time="34.437" classname="com.demo.qa.testCases.ContactPageTest"/>
  <testcase name="createNewContactTest" time="35.691" classname="com.demo.qa.testCases.ContactPageTest"/>
</testsuite> <!-- com.demo.qa.testCases.ContactPageTest -->
