<?xml version="1.0" encoding="UTF-8"?>
<!-- Generated by org.testng.reporters.JUnitReportReporter -->
<testsuite skipped="0" hostname="JANYPC" name="com.demo.qa.testCases.HomePageTest" tests="3" failures="0" timestamp="2019-11-25T15:05:07 BDT" time="90.040" errors="0">
  <testcase name="verifyHomePageTitleTest" time="25.714" classname="com.demo.qa.testCases.HomePageTest"/>
  <testcase name="verifyUserNameTest" time="32.444" classname="com.demo.qa.testCases.HomePageTest"/>
  <testcase name="verifyContactsLinkTest" time="31.882" classname="com.demo.qa.testCases.HomePageTest"/>
</testsuite> <!-- com.demo.qa.testCases.HomePageTest -->
